[2018-11-11 10:27:48] local.ERROR: PDOException: SQLSTATE[42S02]: Base table or view not found: 1146 Table 'newLms.permissions' doesn't exist in /var/www/html/newLms/QuickLMS/vendor/doctrine/dbal/lib/Doctrine/DBAL/Driver/PDOConnection.php:77
Stack trace:
#0 /var/www/html/newLms/QuickLMS/vendor/doctrine/dbal/lib/Doctrine/DBAL/Driver/PDOConnection.php(77): PDO->prepare('insert into `pe...', Array)
#1 /var/www/html/newLms/QuickLMS/vendor/laravel/framework/src/Illuminate/Database/Connection.php(445): Doctrine\DBAL\Driver\PDOConnection->prepare('insert into `pe...')
#2 /var/www/html/newLms/QuickLMS/vendor/laravel/framework/src/Illuminate/Database/Connection.php(640): Illuminate\Database\Connection->Illuminate\Database\{closure}('insert into `pe...', Array)
#3 /var/www/html/newLms/QuickLMS/vendor/laravel/framework/src/Illuminate/Database/Connection.php(607): Illuminate\Database\Connection->runQueryCallback('insert into `pe...', Array, Object(Closure))
#4 /var/www/html/newLms/QuickLMS/vendor/laravel/framework/src/Illuminate/Database/Connection.php(450): Illuminate\Database\Connection->run('insert into `pe...', Array, Object(Closure))
#5 /var/www/html/newLms/QuickLMS/vendor/laravel/framework/src/Illuminate/Database/Connection.php(404): Illuminate\Database\Connection->statement('insert into `pe...', Array)
#6 /var/www/html/newLms/QuickLMS/vendor/laravel/framework/src/Illuminate/Database/Query/Processors/Processor.php(32): Illuminate\Database\Connection->insert('insert into `pe...', Array)
#7 /var/www/html/newLms/QuickLMS/vendor/laravel/framework/src/Illuminate/Database/Query/Builder.php(2139): Illuminate\Database\Query\Processors\Processor->processInsertGetId(Object(Illuminate\Database\Query\Builder), 'insert into `pe...', Array, 'id')
#8 /var/www/html/newLms/QuickLMS/vendor/laravel/framework/src/Illuminate/Database/Eloquent/Builder.php(1251): Illuminate\Database\Query\Builder->insertGetId(Array, 'id')
#9 /var/www/html/newLms/QuickLMS/vendor/laravel/framework/src/Illuminate/Database/Eloquent/Model.php(688): Illuminate\Database\Eloquent\Builder->__call('insertGetId', Array)
#10 /var/www/html/newLms/QuickLMS/vendor/laravel/framework/src/Illuminate/Database/Eloquent/Model.php(653): Illuminate\Database\Eloquent\Model->insertAndSetId(Object(Illuminate\Database\Eloquent\Builder), Array)
#11 /var/www/html/newLms/QuickLMS/vendor/laravel/framework/src/Illuminate/Database/Eloquent/Model.php(522): Illuminate\Database\Eloquent\Model->performInsert(Object(Illuminate\Database\Eloquent\Builder))
#12 /var/www/html/newLms/QuickLMS/vendor/laravel/framework/src/Illuminate/Database/Eloquent/Builder.php(734): Illuminate\Database\Eloquent\Model->save()
#13 /var/www/html/newLms/QuickLMS/vendor/laravel/framework/src/Illuminate/Support/helpers.php(950): Illuminate\Database\Eloquent\Builder->Illuminate\Database\Eloquent\{closure}(Object(App\Permission))
#14 /var/www/html/newLms/QuickLMS/vendor/laravel/framework/src/Illuminate/Database/Eloquent/Builder.php(735): tap(Object(App\Permission), Object(Closure))
#15 /var/www/html/newLms/QuickLMS/vendor/laravel/framework/src/Illuminate/Database/Eloquent/Model.php(1372): Illuminate\Database\Eloquent\Builder->create(Array)
#16 /var/www/html/newLms/QuickLMS/vendor/laravel/framework/src/Illuminate/Database/Eloquent/Model.php(1384): Illuminate\Database\Eloquent\Model->__call('create', Array)
#17 /var/www/html/newLms/QuickLMS/database/seeds/PermissionSeed.php(65): Illuminate\Database\Eloquent\Model::__callStatic('create', Array)
#18 [internal function]: PermissionSeed->run()
#19 /var/www/html/newLms/QuickLMS/vendor/laravel/framework/src/Illuminate/Container/BoundMethod.php(29): call_user_func_array(Array, Array)
#20 /var/www/html/newLms/QuickLMS/vendor/laravel/framework/src/Illuminate/Container/BoundMethod.php(87): Illuminate\Container\BoundMethod::Illuminate\Container\{closure}()
#21 /var/www/html/newLms/QuickLMS/vendor/laravel/framework/src/Illuminate/Container/BoundMethod.php(31): Illuminate\Container\BoundMethod::callBoundMethod(Object(Illuminate\Foundation\Application), Array, Object(Closure))
#22 /var/www/html/newLms/QuickLMS/vendor/laravel/framework/src/Illuminate/Container/Container.php(539): Illuminate\Container\BoundMethod::call(Object(Illuminate\Foundation\Application), Array, Array, NULL)
#23 /var/www/html/newLms/QuickLMS/vendor/laravel/framework/src/Illuminate/Database/Seeder.php(114): Illuminate\Container\Container->call(Array)
#24 /var/www/html/newLms/QuickLMS/vendor/laravel/framework/src/Illuminate/Database/Seeder.php(37): Illuminate\Database\Seeder->__invoke()
#25 /var/www/html/newLms/QuickLMS/database/seeds/DatabaseSeeder.php(15): Illuminate\Database\Seeder->call('PermissionSeed')
#26 [internal function]: DatabaseSeeder->run()
#27 /var/www/html/newLms/QuickLMS/vendor/laravel/framework/src/Illuminate/Container/BoundMethod.php(29): call_user_func_array(Array, Array)
#28 /var/www/html/newLms/QuickLMS/vendor/laravel/framework/src/Illuminate/Container/BoundMethod.php(87): Illuminate\Container\BoundMethod::Illuminate\Container\{closure}()
#29 /var/www/html/newLms/QuickLMS/vendor/laravel/framework/src/Illuminate/Container/BoundMethod.php(31): Illuminate\Container\BoundMethod::callBoundMethod(Object(Illuminate\Foundation\Application), Array, Object(Closure))
#30 /var/www/html/newLms/QuickLMS/vendor/laravel/framework/src/Illuminate/Container/Container.php(539): Illuminate\Container\BoundMethod::call(Object(Illuminate\Foundation\Application), Array, Array, NULL)
#31 /var/www/html/newLms/QuickLMS/vendor/laravel/framework/src/Illuminate/Database/Seeder.php(114): Illuminate\Container\Container->call(Array)
#32 /var/www/html/newLms/QuickLMS/vendor/laravel/framework/src/Illuminate/Database/Console/Seeds/SeedCommand.php(63): Illuminate\Database\Seeder->__invoke()
#33 /var/www/html/newLms/QuickLMS/vendor/laravel/framework/src/Illuminate/Database/Eloquent/Concerns/GuardsAttributes.php(122): Illuminate\Database\Console\Seeds\SeedCommand->Illuminate\Database\Console\Seeds\{closure}()
#34 /var/www/html/newLms/QuickLMS/vendor/laravel/framework/src/Illuminate/Database/Console/Seeds/SeedCommand.php(64): Illuminate\Database\Eloquent\Model::unguarded(Object(Closure))
#35 [internal function]: Illuminate\Database\Console\Seeds\SeedCommand->fire()
#36 /var/www/html/newLms/QuickLMS/vendor/laravel/framework/src/Illuminate/Container/BoundMethod.php(29): call_user_func_array(Array, Array)
#37 /var/www/html/newLms/QuickLMS/vendor/laravel/framework/src/Illuminate/Container/BoundMethod.php(87): Illuminate\Container\BoundMethod::Illuminate\Container\{closure}()
#38 /var/www/html/newLms/QuickLMS/vendor/laravel/framework/src/Illuminate/Container/BoundMethod.php(31): Illuminate\Container\BoundMethod::callBoundMethod(Object(Illuminate\Foundation\Application), Array, Object(Closure))
#39 /var/www/html/newLms/QuickLMS/vendor/laravel/framework/src/Illuminate/Container/Container.php(539): Illuminate\Container\BoundMethod::call(Object(Illuminate\Foundation\Application), Array, Array, NULL)
#40 /var/www/html/newLms/QuickLMS/vendor/laravel/framework/src/Illuminate/Console/Command.php(182): Illuminate\Container\Container->call(Array)
#41 /var/www/html/newLms/QuickLMS/vendor/symfony/console/Command/Command.php(264): Illuminate\Console\Command->execute(Object(Symfony\Component\Console\Input\ArgvInput), Object(Illuminate\Console\OutputStyle))
#42 /var/www/html/newLms/QuickLMS/vendor/laravel/framework/src/Illuminate/Console/Command.php(167): Symfony\Component\Console\Command\Command->run(Object(Symfony\Component\Console\Input\ArgvInput), Object(Illuminate\Console\OutputStyle))
#43 /var/www/html/newLms/QuickLMS/vendor/symfony/console/Application.php(874): Illuminate\Console\Command->run(Object(Symfony\Component\Console\Input\ArgvInput), Object(Symfony\Component\Console\Output\ConsoleOutput))
#44 /var/www/html/newLms/QuickLMS/vendor/symfony/console/Application.php(228): Symfony\Component\Console\Application->doRunCommand(Object(Illuminate\Database\Console\Seeds\SeedCommand), Object(Symfony\Component\Console\Input\ArgvInput), Object(Symfony\Component\Console\Output\ConsoleOutput))
#45 /var/www/html/newLms/QuickLMS/vendor/symfony/console/Application.php(130): Symfony\Component\Console\Application->doRun(Object(Symfony\Component\Console\Input\ArgvInput), Object(Symfony\Component\Console\Output\ConsoleOutput))
#46 /var/www/html/newLms/QuickLMS/vendor/laravel/framework/src/Illuminate/Foundation/Console/Kernel.php(122): Symfony\Component\Console\Application->run(Object(Symfony\Component\Console\Input\ArgvInput), Object(Symfony\Component\Console\Output\ConsoleOutput))
#47 /var/www/html/newLms/QuickLMS/artisan(35): Illuminate\Foundation\Console\Kernel->handle(Object(Symfony\Component\Console\Input\ArgvInput), Object(Symfony\Component\Console\Output\ConsoleOutput))
#48 {main}

Next Doctrine\DBAL\Driver\PDOException: SQLSTATE[42S02]: Base table or view not found: 1146 Table 'newLms.permissions' doesn't exist in /var/www/html/newLms/QuickLMS/vendor/doctrine/dbal/lib/Doctrine/DBAL/Driver/PDOConnection.php:79
Stack trace:
#0 /var/www/html/newLms/QuickLMS/vendor/laravel/framework/src/Illuminate/Database/Connection.php(445): Doctrine\DBAL\Driver\PDOConnection->prepare('insert into `pe...')
#1 /var/www/html/newLms/QuickLMS/vendor/laravel/framework/src/Illuminate/Database/Connection.php(640): Illuminate\Database\Connection->Illuminate\Database\{closure}('insert into `pe...', Array)
#2 /var/www/html/newLms/QuickLMS/vendor/laravel/framework/src/Illuminate/Database/Connection.php(607): Illuminate\Database\Connection->runQueryCallback('insert into `pe...', Array, Object(Closure))
#3 /var/www/html/newLms/QuickLMS/vendor/laravel/framework/src/Illuminate/Database/Connection.php(450): Illuminate\Database\Connection->run('insert into `pe...', Array, Object(Closure))
#4 /var/www/html/newLms/QuickLMS/vendor/laravel/framework/src/Illuminate/Database/Connection.php(404): Illuminate\Database\Connection->statement('insert into `pe...', Array)
#5 /var/www/html/newLms/QuickLMS/vendor/laravel/framework/src/Illuminate/Database/Query/Processors/Processor.php(32): Illuminate\Database\Connection->insert('insert into `pe...', Array)
#6 /var/www/html/newLms/QuickLMS/vendor/laravel/framework/src/Illuminate/Database/Query/Builder.php(2139): Illuminate\Database\Query\Processors\Processor->processInsertGetId(Object(Illuminate\Database\Query\Builder), 'insert into `pe...', Array, 'id')
#7 /var/www/html/newLms/QuickLMS/vendor/laravel/framework/src/Illuminate/Database/Eloquent/Builder.php(1251): Illuminate\Database\Query\Builder->insertGetId(Array, 'id')
#8 /var/www/html/newLms/QuickLMS/vendor/laravel/framework/src/Illuminate/Database/Eloquent/Model.php(688): Illuminate\Database\Eloquent\Builder->__call('insertGetId', Array)
#9 /var/www/html/newLms/QuickLMS/vendor/laravel/framework/src/Illuminate/Database/Eloquent/Model.php(653): Illuminate\Database\Eloquent\Model->insertAndSetId(Object(Illuminate\Database\Eloquent\Builder), Array)
#10 /var/www/html/newLms/QuickLMS/vendor/laravel/framework/src/Illuminate/Database/Eloquent/Model.php(522): Illuminate\Database\Eloquent\Model->performInsert(Object(Illuminate\Database\Eloquent\Builder))
#11 /var/www/html/newLms/QuickLMS/vendor/laravel/framework/src/Illuminate/Database/Eloquent/Builder.php(734): Illuminate\Database\Eloquent\Model->save()
#12 /var/www/html/newLms/QuickLMS/vendor/laravel/framework/src/Illuminate/Support/helpers.php(950): Illuminate\Database\Eloquent\Builder->Illuminate\Database\Eloquent\{closure}(Object(App\Permission))
#13 /var/www/html/newLms/QuickLMS/vendor/laravel/framework/src/Illuminate/Database/Eloquent/Builder.php(735): tap(Object(App\Permission), Object(Closure))
#14 /var/www/html/newLms/QuickLMS/vendor/laravel/framework/src/Illuminate/Database/Eloquent/Model.php(1372): Illuminate\Database\Eloquent\Builder->create(Array)
#15 /var/www/html/newLms/QuickLMS/vendor/laravel/framework/src/Illuminate/Database/Eloquent/Model.php(1384): Illuminate\Database\Eloquent\Model->__call('create', Array)
#16 /var/www/html/newLms/QuickLMS/database/seeds/PermissionSeed.php(65): Illuminate\Database\Eloquent\Model::__callStatic('create', Array)
#17 [internal function]: PermissionSeed->run()
#18 /var/www/html/newLms/QuickLMS/vendor/laravel/framework/src/Illuminate/Container/BoundMethod.php(29): call_user_func_array(Array, Array)
#19 /var/www/html/newLms/QuickLMS/vendor/laravel/framework/src/Illuminate/Container/BoundMethod.php(87): Illuminate\Container\BoundMethod::Illuminate\Container\{closure}()
#20 /var/www/html/newLms/QuickLMS/vendor/laravel/framework/src/Illuminate/Container/BoundMethod.php(31): Illuminate\Container\BoundMethod::callBoundMethod(Object(Illuminate\Foundation\Application), Array, Object(Closure))
#21 /var/www/html/newLms/QuickLMS/vendor/laravel/framework/src/Illuminate/Container/Container.php(539): Illuminate\Container\BoundMethod::call(Object(Illuminate\Foundation\Application), Array, Array, NULL)
#22 /var/www/html/newLms/QuickLMS/vendor/laravel/framework/src/Illuminate/Database/Seeder.php(114): Illuminate\Container\Container->call(Array)
#23 /var/www/html/newLms/QuickLMS/vendor/laravel/framework/src/Illuminate/Database/Seeder.php(37): Illuminate\Database\Seeder->__invoke()
#24 /var/www/html/newLms/QuickLMS/database/seeds/DatabaseSeeder.php(15): Illuminate\Database\Seeder->call('PermissionSeed')
#25 [internal function]: DatabaseSeeder->run()
#26 /var/www/html/newLms/QuickLMS/vendor/laravel/framework/src/Illuminate/Container/BoundMethod.php(29): call_user_func_array(Array, Array)
#27 /var/www/html/newLms/QuickLMS/vendor/laravel/framework/src/Illuminate/Container/BoundMethod.php(87): Illuminate\Container\BoundMethod::Illuminate\Container\{closure}()
#28 /var/www/html/newLms/QuickLMS/vendor/laravel/framework/src/Illuminate/Container/BoundMethod.php(31): Illuminate\Container\BoundMethod::callBoundMethod(Object(Illuminate\Foundation\Application), Array, Object(Closure))
#29 /var/www/html/newLms/QuickLMS/vendor/laravel/framework/src/Illuminate/Container/Container.php(539): Illuminate\Container\BoundMethod::call(Object(Illuminate\Foundation\Application), Array, Array, NULL)
#30 /var/www/html/newLms/QuickLMS/vendor/laravel/framework/src/Illuminate/Database/Seeder.php(114): Illuminate\Container\Container->call(Array)
#31 /var/www/html/newLms/QuickLMS/vendor/laravel/framework/src/Illuminate/Database/Console/Seeds/SeedCommand.php(63): Illuminate\Database\Seeder->__invoke()
#32 /var/www/html/newLms/QuickLMS/vendor/laravel/framework/src/Illuminate/Database/Eloquent/Concerns/GuardsAttributes.php(122): Illuminate\Database\Console\Seeds\SeedCommand->Illuminate\Database\Console\Seeds\{closure}()
#33 /var/www/html/newLms/QuickLMS/vendor/laravel/framework/src/Illuminate/Database/Console/Seeds/SeedCommand.php(64): Illuminate\Database\Eloquent\Model::unguarded(Object(Closure))
#34 [internal function]: Illuminate\Database\Console\Seeds\SeedCommand->fire()
#35 /var/www/html/newLms/QuickLMS/vendor/laravel/framework/src/Illuminate/Container/BoundMethod.php(29): call_user_func_array(Array, Array)
#36 /var/www/html/newLms/QuickLMS/vendor/laravel/framework/src/Illuminate/Container/BoundMethod.php(87): Illuminate\Container\BoundMethod::Illuminate\Container\{closure}()
#37 /var/www/html/newLms/QuickLMS/vendor/laravel/framework/src/Illuminate/Container/BoundMethod.php(31): Illuminate\Container\BoundMethod::callBoundMethod(Object(Illuminate\Foundation\Application), Array, Object(Closure))
#38 /var/www/html/newLms/QuickLMS/vendor/laravel/framework/src/Illuminate/Container/Container.php(539): Illuminate\Container\BoundMethod::call(Object(Illuminate\Foundation\Application), Array, Array, NULL)
#39 /var/www/html/newLms/QuickLMS/vendor/laravel/framework/src/Illuminate/Console/Command.php(182): Illuminate\Container\Container->call(Array)
#40 /var/www/html/newLms/QuickLMS/vendor/symfony/console/Command/Command.php(264): Illuminate\Console\Command->execute(Object(Symfony\Component\Console\Input\ArgvInput), Object(Illuminate\Console\OutputStyle))
#41 /var/www/html/newLms/QuickLMS/vendor/laravel/framework/src/Illuminate/Console/Command.php(167): Symfony\Component\Console\Command\Command->run(Object(Symfony\Component\Console\Input\ArgvInput), Object(Illuminate\Console\OutputStyle))
#42 /var/www/html/newLms/QuickLMS/vendor/symfony/console/Application.php(874): Illuminate\Console\Command->run(Object(Symfony\Component\Console\Input\ArgvInput), Object(Symfony\Component\Console\Output\ConsoleOutput))
#43 /var/www/html/newLms/QuickLMS/vendor/symfony/console/Application.php(228): Symfony\Component\Console\Application->doRunCommand(Object(Illuminate\Database\Console\Seeds\SeedCommand), Object(Symfony\Component\Console\Input\ArgvInput), Object(Symfony\Component\Console\Output\ConsoleOutput))
#44 /var/www/html/newLms/QuickLMS/vendor/symfony/console/Application.php(130): Symfony\Component\Console\Application->doRun(Object(Symfony\Component\Console\Input\ArgvInput), Object(Symfony\Component\Console\Output\ConsoleOutput))
#45 /var/www/html/newLms/QuickLMS/vendor/laravel/framework/src/Illuminate/Foundation/Console/Kernel.php(122): Symfony\Component\Console\Application->run(Object(Symfony\Component\Console\Input\ArgvInput), Object(Symfony\Component\Console\Output\ConsoleOutput))
#46 /var/www/html/newLms/QuickLMS/artisan(35): Illuminate\Foundation\Console\Kernel->handle(Object(Symfony\Component\Console\Input\ArgvInput), Object(Symfony\Component\Console\Output\ConsoleOutput))
#47 {main}

Next Illuminate\Database\QueryException: SQLSTATE[42S02]: Base table or view not found: 1146 Table 'newLms.permissions' doesn't exist (SQL: insert into `permissions` (`id`, `title`, `updated_at`, `created_at`) values (1, user_management_access, 2018-11-11 10:27:48, 2018-11-11 10:27:48)) in /var/www/html/newLms/QuickLMS/vendor/laravel/framework/src/Illuminate/Database/Connection.php:647
Stack trace:
#0 /var/www/html/newLms/QuickLMS/vendor/laravel/framework/src/Illuminate/Database/Connection.php(607): Illuminate\Database\Connection->runQueryCallback('insert into `pe...', Array, Object(Closure))
#1 /var/www/html/newLms/QuickLMS/vendor/laravel/framework/src/Illuminate/Database/Connection.php(450): Illuminate\Database\Connection->run('insert into `pe...', Array, Object(Closure))
#2 /var/www/html/newLms/QuickLMS/vendor/laravel/framework/src/Illuminate/Database/Connection.php(404): Illuminate\Database\Connection->statement('insert into `pe...', Array)
#3 /var/www/html/newLms/QuickLMS/vendor/laravel/framework/src/Illuminate/Database/Query/Processors/Processor.php(32): Illuminate\Database\Connection->insert('insert into `pe...', Array)
#4 /var/www/html/newLms/QuickLMS/vendor/laravel/framework/src/Illuminate/Database/Query/Builder.php(2139): Illuminate\Database\Query\Processors\Processor->processInsertGetId(Object(Illuminate\Database\Query\Builder), 'insert into `pe...', Array, 'id')
#5 /var/www/html/newLms/QuickLMS/vendor/laravel/framework/src/Illuminate/Database/Eloquent/Builder.php(1251): Illuminate\Database\Query\Builder->insertGetId(Array, 'id')
#6 /var/www/html/newLms/QuickLMS/vendor/laravel/framework/src/Illuminate/Database/Eloquent/Model.php(688): Illuminate\Database\Eloquent\Builder->__call('insertGetId', Array)
#7 /var/www/html/newLms/QuickLMS/vendor/laravel/framework/src/Illuminate/Database/Eloquent/Model.php(653): Illuminate\Database\Eloquent\Model->insertAndSetId(Object(Illuminate\Database\Eloquent\Builder), Array)
#8 /var/www/html/newLms/QuickLMS/vendor/laravel/framework/src/Illuminate/Database/Eloquent/Model.php(522): Illuminate\Database\Eloquent\Model->performInsert(Object(Illuminate\Database\Eloquent\Builder))
#9 /var/www/html/newLms/QuickLMS/vendor/laravel/framework/src/Illuminate/Database/Eloquent/Builder.php(734): Illuminate\Database\Eloquent\Model->save()
#10 /var/www/html/newLms/QuickLMS/vendor/laravel/framework/src/Illuminate/Support/helpers.php(950): Illuminate\Database\Eloquent\Builder->Illuminate\Database\Eloquent\{closure}(Object(App\Permission))
#11 /var/www/html/newLms/QuickLMS/vendor/laravel/framework/src/Illuminate/Database/Eloquent/Builder.php(735): tap(Object(App\Permission), Object(Closure))
#12 /var/www/html/newLms/QuickLMS/vendor/laravel/framework/src/Illuminate/Database/Eloquent/Model.php(1372): Illuminate\Database\Eloquent\Builder->create(Array)
#13 /var/www/html/newLms/QuickLMS/vendor/laravel/framework/src/Illuminate/Database/Eloquent/Model.php(1384): Illuminate\Database\Eloquent\Model->__call('create', Array)
#14 /var/www/html/newLms/QuickLMS/database/seeds/PermissionSeed.php(65): Illuminate\Database\Eloquent\Model::__callStatic('create', Array)
#15 [internal function]: PermissionSeed->run()
#16 /var/www/html/newLms/QuickLMS/vendor/laravel/framework/src/Illuminate/Container/BoundMethod.php(29): call_user_func_array(Array, Array)
#17 /var/www/html/newLms/QuickLMS/vendor/laravel/framework/src/Illuminate/Container/BoundMethod.php(87): Illuminate\Container\BoundMethod::Illuminate\Container\{closure}()
#18 /var/www/html/newLms/QuickLMS/vendor/laravel/framework/src/Illuminate/Container/BoundMethod.php(31): Illuminate\Container\BoundMethod::callBoundMethod(Object(Illuminate\Foundation\Application), Array, Object(Closure))
#19 /var/www/html/newLms/QuickLMS/vendor/laravel/framework/src/Illuminate/Container/Container.php(539): Illuminate\Container\BoundMethod::call(Object(Illuminate\Foundation\Application), Array, Array, NULL)
#20 /var/www/html/newLms/QuickLMS/vendor/laravel/framework/src/Illuminate/Database/Seeder.php(114): Illuminate\Container\Container->call(Array)
#21 /var/www/html/newLms/QuickLMS/vendor/laravel/framework/src/Illuminate/Database/Seeder.php(37): Illuminate\Database\Seeder->__invoke()
#22 /var/www/html/newLms/QuickLMS/database/seeds/DatabaseSeeder.php(15): Illuminate\Database\Seeder->call('PermissionSeed')
#23 [internal function]: DatabaseSeeder->run()
#24 /var/www/html/newLms/QuickLMS/vendor/laravel/framework/src/Illuminate/Container/BoundMethod.php(29): call_user_func_array(Array, Array)
#25 /var/www/html/newLms/QuickLMS/vendor/laravel/framework/src/Illuminate/Container/BoundMethod.php(87): Illuminate\Container\BoundMethod::Illuminate\Container\{closure}()
#26 /var/www/html/newLms/QuickLMS/vendor/laravel/framework/src/Illuminate/Container/BoundMethod.php(31): Illuminate\Container\BoundMethod::callBoundMethod(Object(Illuminate\Foundation\Application), Array, Object(Closure))
#27 /var/www/html/newLms/QuickLMS/vendor/laravel/framework/src/Illuminate/Container/Container.php(539): Illuminate\Container\BoundMethod::call(Object(Illuminate\Foundation\Application), Array, Array, NULL)
#28 /var/www/html/newLms/QuickLMS/vendor/laravel/framework/src/Illuminate/Database/Seeder.php(114): Illuminate\Container\Container->call(Array)
#29 /var/www/html/newLms/QuickLMS/vendor/laravel/framework/src/Illuminate/Database/Console/Seeds/SeedCommand.php(63): Illuminate\Database\Seeder->__invoke()
#30 /var/www/html/newLms/QuickLMS/vendor/laravel/framework/src/Illuminate/Database/Eloquent/Concerns/GuardsAttributes.php(122): Illuminate\Database\Console\Seeds\SeedCommand->Illuminate\Database\Console\Seeds\{closure}()
#31 /var/www/html/newLms/QuickLMS/vendor/laravel/framework/src/Illuminate/Database/Console/Seeds/SeedCommand.php(64): Illuminate\Database\Eloquent\Model::unguarded(Object(Closure))
#32 [internal function]: Illuminate\Database\Console\Seeds\SeedCommand->fire()
#33 /var/www/html/newLms/QuickLMS/vendor/laravel/framework/src/Illuminate/Container/BoundMethod.php(29): call_user_func_array(Array, Array)
#34 /var/www/html/newLms/QuickLMS/vendor/laravel/framework/src/Illuminate/Container/BoundMethod.php(87): Illuminate\Container\BoundMethod::Illuminate\Container\{closure}()
#35 /var/www/html/newLms/QuickLMS/vendor/laravel/framework/src/Illuminate/Container/BoundMethod.php(31): Illuminate\Container\BoundMethod::callBoundMethod(Object(Illuminate\Foundation\Application), Array, Object(Closure))
#36 /var/www/html/newLms/QuickLMS/vendor/laravel/framework/src/Illuminate/Container/Container.php(539): Illuminate\Container\BoundMethod::call(Object(Illuminate\Foundation\Application), Array, Array, NULL)
#37 /var/www/html/newLms/QuickLMS/vendor/laravel/framework/src/Illuminate/Console/Command.php(182): Illuminate\Container\Container->call(Array)
#38 /var/www/html/newLms/QuickLMS/vendor/symfony/console/Command/Command.php(264): Illuminate\Console\Command->execute(Object(Symfony\Component\Console\Input\ArgvInput), Object(Illuminate\Console\OutputStyle))
#39 /var/www/html/newLms/QuickLMS/vendor/laravel/framework/src/Illuminate/Console/Command.php(167): Symfony\Component\Console\Command\Command->run(Object(Symfony\Component\Console\Input\ArgvInput), Object(Illuminate\Console\OutputStyle))
#40 /var/www/html/newLms/QuickLMS/vendor/symfony/console/Application.php(874): Illuminate\Console\Command->run(Object(Symfony\Component\Console\Input\ArgvInput), Object(Symfony\Component\Console\Output\ConsoleOutput))
#41 /var/www/html/newLms/QuickLMS/vendor/symfony/console/Application.php(228): Symfony\Component\Console\Application->doRunCommand(Object(Illuminate\Database\Console\Seeds\SeedCommand), Object(Symfony\Component\Console\Input\ArgvInput), Object(Symfony\Component\Console\Output\ConsoleOutput))
#42 /var/www/html/newLms/QuickLMS/vendor/symfony/console/Application.php(130): Symfony\Component\Console\Application->doRun(Object(Symfony\Component\Console\Input\ArgvInput), Object(Symfony\Component\Console\Output\ConsoleOutput))
#43 /var/www/html/newLms/QuickLMS/vendor/laravel/framework/src/Illuminate/Foundation/Console/Kernel.php(122): Symfony\Component\Console\Application->run(Object(Symfony\Component\Console\Input\ArgvInput), Object(Symfony\Component\Console\Output\ConsoleOutput))
#44 /var/www/html/newLms/QuickLMS/artisan(35): Illuminate\Foundation\Console\Kernel->handle(Object(Symfony\Component\Console\Input\ArgvInput), Object(Symfony\Component\Console\Output\ConsoleOutput))
#45 {main}  
[2018-11-11 10:27:58] local.ERROR: PDOException: SQLSTATE[42S02]: Base table or view not found: 1146 Table 'newLms.permissions' doesn't exist in /var/www/html/newLms/QuickLMS/vendor/doctrine/dbal/lib/Doctrine/DBAL/Driver/PDOConnection.php:77
Stack trace:
#0 /var/www/html/newLms/QuickLMS/vendor/doctrine/dbal/lib/Doctrine/DBAL/Driver/PDOConnection.php(77): PDO->prepare('insert into `pe...', Array)
#1 /var/www/html/newLms/QuickLMS/vendor/laravel/framework/src/Illuminate/Database/Connection.php(445): Doctrine\DBAL\Driver\PDOConnection->prepare('insert into `pe...')
#2 /var/www/html/newLms/QuickLMS/vendor/laravel/framework/src/Illuminate/Database/Connection.php(640): Illuminate\Database\Connection->Illuminate\Database\{closure}('insert into `pe...', Array)
#3 /var/www/html/newLms/QuickLMS/vendor/laravel/framework/src/Illuminate/Database/Connection.php(607): Illuminate\Database\Connection->runQueryCallback('insert into `pe...', Array, Object(Closure))
#4 /var/www/html/newLms/QuickLMS/vendor/laravel/framework/src/Illuminate/Database/Connection.php(450): Illuminate\Database\Connection->run('insert into `pe...', Array, Object(Closure))
#5 /var/www/html/newLms/QuickLMS/vendor/laravel/framework/src/Illuminate/Database/Connection.php(404): Illuminate\Database\Connection->statement('insert into `pe...', Array)
#6 /var/www/html/newLms/QuickLMS/vendor/laravel/framework/src/Illuminate/Database/Query/Processors/Processor.php(32): Illuminate\Database\Connection->insert('insert into `pe...', Array)
#7 /var/www/html/newLms/QuickLMS/vendor/laravel/framework/src/Illuminate/Database/Query/Builder.php(2139): Illuminate\Database\Query\Processors\Processor->processInsertGetId(Object(Illuminate\Database\Query\Builder), 'insert into `pe...', Array, 'id')
#8 /var/www/html/newLms/QuickLMS/vendor/laravel/framework/src/Illuminate/Database/Eloquent/Builder.php(1251): Illuminate\Database\Query\Builder->insertGetId(Array, 'id')
#9 /var/www/html/newLms/QuickLMS/vendor/laravel/framework/src/Illuminate/Database/Eloquent/Model.php(688): Illuminate\Database\Eloquent\Builder->__call('insertGetId', Array)
#10 /var/www/html/newLms/QuickLMS/vendor/laravel/framework/src/Illuminate/Database/Eloquent/Model.php(653): Illuminate\Database\Eloquent\Model->insertAndSetId(Object(Illuminate\Database\Eloquent\Builder), Array)
#11 /var/www/html/newLms/QuickLMS/vendor/laravel/framework/src/Illuminate/Database/Eloquent/Model.php(522): Illuminate\Database\Eloquent\Model->performInsert(Object(Illuminate\Database\Eloquent\Builder))
#12 /var/www/html/newLms/QuickLMS/vendor/laravel/framework/src/Illuminate/Database/Eloquent/Builder.php(734): Illuminate\Database\Eloquent\Model->save()
#13 /var/www/html/newLms/QuickLMS/vendor/laravel/framework/src/Illuminate/Support/helpers.php(950): Illuminate\Database\Eloquent\Builder->Illuminate\Database\Eloquent\{closure}(Object(App\Permission))
#14 /var/www/html/newLms/QuickLMS/vendor/laravel/framework/src/Illuminate/Database/Eloquent/Builder.php(735): tap(Object(App\Permission), Object(Closure))
#15 /var/www/html/newLms/QuickLMS/vendor/laravel/framework/src/Illuminate/Database/Eloquent/Model.php(1372): Illuminate\Database\Eloquent\Builder->create(Array)
#16 /var/www/html/newLms/QuickLMS/vendor/laravel/framework/src/Illuminate/Database/Eloquent/Model.php(1384): Illuminate\Database\Eloquent\Model->__call('create', Array)
#17 /var/www/html/newLms/QuickLMS/database/seeds/PermissionSeed.php(65): Illuminate\Database\Eloquent\Model::__callStatic('create', Array)
#18 [internal function]: PermissionSeed->run()
#19 /var/www/html/newLms/QuickLMS/vendor/laravel/framework/src/Illuminate/Container/BoundMethod.php(29): call_user_func_array(Array, Array)
#20 /var/www/html/newLms/QuickLMS/vendor/laravel/framework/src/Illuminate/Container/BoundMethod.php(87): Illuminate\Container\BoundMethod::Illuminate\Container\{closure}()
#21 /var/www/html/newLms/QuickLMS/vendor/laravel/framework/src/Illuminate/Container/BoundMethod.php(31): Illuminate\Container\BoundMethod::callBoundMethod(Object(Illuminate\Foundation\Application), Array, Object(Closure))
#22 /var/www/html/newLms/QuickLMS/vendor/laravel/framework/src/Illuminate/Container/Container.php(539): Illuminate\Container\BoundMethod::call(Object(Illuminate\Foundation\Application), Array, Array, NULL)
#23 /var/www/html/newLms/QuickLMS/vendor/laravel/framework/src/Illuminate/Database/Seeder.php(114): Illuminate\Container\Container->call(Array)
#24 /var/www/html/newLms/QuickLMS/vendor/laravel/framework/src/Illuminate/Database/Seeder.php(37): Illuminate\Database\Seeder->__invoke()
#25 /var/www/html/newLms/QuickLMS/database/seeds/DatabaseSeeder.php(15): Illuminate\Database\Seeder->call('PermissionSeed')
#26 [internal function]: DatabaseSeeder->run()
#27 /var/www/html/newLms/QuickLMS/vendor/laravel/framework/src/Illuminate/Container/BoundMethod.php(29): call_user_func_array(Array, Array)
#28 /var/www/html/newLms/QuickLMS/vendor/laravel/framework/src/Illuminate/Container/BoundMethod.php(87): Illuminate\Container\BoundMethod::Illuminate\Container\{closure}()
#29 /var/www/html/newLms/QuickLMS/vendor/laravel/framework/src/Illuminate/Container/BoundMethod.php(31): Illuminate\Container\BoundMethod::callBoundMethod(Object(Illuminate\Foundation\Application), Array, Object(Closure))
#30 /var/www/html/newLms/QuickLMS/vendor/laravel/framework/src/Illuminate/Container/Container.php(539): Illuminate\Container\BoundMethod::call(Object(Illuminate\Foundation\Application), Array, Array, NULL)
#31 /var/www/html/newLms/QuickLMS/vendor/laravel/framework/src/Illuminate/Database/Seeder.php(114): Illuminate\Container\Container->call(Array)
#32 /var/www/html/newLms/QuickLMS/vendor/laravel/framework/src/Illuminate/Database/Console/Seeds/SeedCommand.php(63): Illuminate\Database\Seeder->__invoke()
#33 /var/www/html/newLms/QuickLMS/vendor/laravel/framework/src/Illuminate/Database/Eloquent/Concerns/GuardsAttributes.php(122): Illuminate\Database\Console\Seeds\SeedCommand->Illuminate\Database\Console\Seeds\{closure}()
#34 /var/www/html/newLms/QuickLMS/vendor/laravel/framework/src/Illuminate/Database/Console/Seeds/SeedCommand.php(64): Illuminate\Database\Eloquent\Model::unguarded(Object(Closure))
#35 [internal function]: Illuminate\Database\Console\Seeds\SeedCommand->fire()
#36 /var/www/html/newLms/QuickLMS/vendor/laravel/framework/src/Illuminate/Container/BoundMethod.php(29): call_user_func_array(Array, Array)
#37 /var/www/html/newLms/QuickLMS/vendor/laravel/framework/src/Illuminate/Container/BoundMethod.php(87): Illuminate\Container\BoundMethod::Illuminate\Container\{closure}()
#38 /var/www/html/newLms/QuickLMS/vendor/laravel/framework/src/Illuminate/Container/BoundMethod.php(31): Illuminate\Container\BoundMethod::callBoundMethod(Object(Illuminate\Foundation\Application), Array, Object(Closure))
#39 /var/www/html/newLms/QuickLMS/vendor/laravel/framework/src/Illuminate/Container/Container.php(539): Illuminate\Container\BoundMethod::call(Object(Illuminate\Foundation\Application), Array, Array, NULL)
#40 /var/www/html/newLms/QuickLMS/vendor/laravel/framework/src/Illuminate/Console/Command.php(182): Illuminate\Container\Container->call(Array)
#41 /var/www/html/newLms/QuickLMS/vendor/symfony/console/Command/Command.php(264): Illuminate\Console\Command->execute(Object(Symfony\Component\Console\Input\ArgvInput), Object(Illuminate\Console\OutputStyle))
#42 /var/www/html/newLms/QuickLMS/vendor/laravel/framework/src/Illuminate/Console/Command.php(167): Symfony\Component\Console\Command\Command->run(Object(Symfony\Component\Console\Input\ArgvInput), Object(Illuminate\Console\OutputStyle))
#43 /var/www/html/newLms/QuickLMS/vendor/symfony/console/Application.php(874): Illuminate\Console\Command->run(Object(Symfony\Component\Console\Input\ArgvInput), Object(Symfony\Component\Console\Output\ConsoleOutput))
#44 /var/www/html/newLms/QuickLMS/vendor/symfony/console/Application.php(228): Symfony\Component\Console\Application->doRunCommand(Object(Illuminate\Database\Console\Seeds\SeedCommand), Object(Symfony\Component\Console\Input\ArgvInput), Object(Symfony\Component\Console\Output\ConsoleOutput))
#45 /var/www/html/newLms/QuickLMS/vendor/symfony/console/Application.php(130): Symfony\Component\Console\Application->doRun(Object(Symfony\Component\Console\Input\ArgvInput), Object(Symfony\Component\Console\Output\ConsoleOutput))
#46 /var/www/html/newLms/QuickLMS/vendor/laravel/framework/src/Illuminate/Foundation/Console/Kernel.php(122): Symfony\Component\Console\Application->run(Object(Symfony\Component\Console\Input\ArgvInput), Object(Symfony\Component\Console\Output\ConsoleOutput))
#47 /var/www/html/newLms/QuickLMS/artisan(35): Illuminate\Foundation\Console\Kernel->handle(Object(Symfony\Component\Console\Input\ArgvInput), Object(Symfony\Component\Console\Output\ConsoleOutput))
#48 {main}

Next Doctrine\DBAL\Driver\PDOException: SQLSTATE[42S02]: Base table or view not found: 1146 Table 'newLms.permissions' doesn't exist in /var/www/html/newLms/QuickLMS/vendor/doctrine/dbal/lib/Doctrine/DBAL/Driver/PDOConnection.php:79
Stack trace:
#0 /var/www/html/newLms/QuickLMS/vendor/laravel/framework/src/Illuminate/Database/Connection.php(445): Doctrine\DBAL\Driver\PDOConnection->prepare('insert into `pe...')
#1 /var/www/html/newLms/QuickLMS/vendor/laravel/framework/src/Illuminate/Database/Connection.php(640): Illuminate\Database\Connection->Illuminate\Database\{closure}('insert into `pe...', Array)
#2 /var/www/html/newLms/QuickLMS/vendor/laravel/framework/src/Illuminate/Database/Connection.php(607): Illuminate\Database\Connection->runQueryCallback('insert into `pe...', Array, Object(Closure))
#3 /var/www/html/newLms/QuickLMS/vendor/laravel/framework/src/Illuminate/Database/Connection.php(450): Illuminate\Database\Connection->run('insert into `pe...', Array, Object(Closure))
#4 /var/www/html/newLms/QuickLMS/vendor/laravel/framework/src/Illuminate/Database/Connection.php(404): Illuminate\Database\Connection->statement('insert into `pe...', Array)
#5 /var/www/html/newLms/QuickLMS/vendor/laravel/framework/src/Illuminate/Database/Query/Processors/Processor.php(32): Illuminate\Database\Connection->insert('insert into `pe...', Array)
#6 /var/www/html/newLms/QuickLMS/vendor/laravel/framework/src/Illuminate/Database/Query/Builder.php(2139): Illuminate\Database\Query\Processors\Processor->processInsertGetId(Object(Illuminate\Database\Query\Builder), 'insert into `pe...', Array, 'id')
#7 /var/www/html/newLms/QuickLMS/vendor/laravel/framework/src/Illuminate/Database/Eloquent/Builder.php(1251): Illuminate\Database\Query\Builder->insertGetId(Array, 'id')
#8 /var/www/html/newLms/QuickLMS/vendor/laravel/framework/src/Illuminate/Database/Eloquent/Model.php(688): Illuminate\Database\Eloquent\Builder->__call('insertGetId', Array)
#9 /var/www/html/newLms/QuickLMS/vendor/laravel/framework/src/Illuminate/Database/Eloquent/Model.php(653): Illuminate\Database\Eloquent\Model->insertAndSetId(Object(Illuminate\Database\Eloquent\Builder), Array)
#10 /var/www/html/newLms/QuickLMS/vendor/laravel/framework/src/Illuminate/Database/Eloquent/Model.php(522): Illuminate\Database\Eloquent\Model->performInsert(Object(Illuminate\Database\Eloquent\Builder))
#11 /var/www/html/newLms/QuickLMS/vendor/laravel/framework/src/Illuminate/Database/Eloquent/Builder.php(734): Illuminate\Database\Eloquent\Model->save()
#12 /var/www/html/newLms/QuickLMS/vendor/laravel/framework/src/Illuminate/Support/helpers.php(950): Illuminate\Database\Eloquent\Builder->Illuminate\Database\Eloquent\{closure}(Object(App\Permission))
#13 /var/www/html/newLms/QuickLMS/vendor/laravel/framework/src/Illuminate/Database/Eloquent/Builder.php(735): tap(Object(App\Permission), Object(Closure))
#14 /var/www/html/newLms/QuickLMS/vendor/laravel/framework/src/Illuminate/Database/Eloquent/Model.php(1372): Illuminate\Database\Eloquent\Builder->create(Array)
#15 /var/www/html/newLms/QuickLMS/vendor/laravel/framework/src/Illuminate/Database/Eloquent/Model.php(1384): Illuminate\Database\Eloquent\Model->__call('create', Array)
#16 /var/www/html/newLms/QuickLMS/database/seeds/PermissionSeed.php(65): Illuminate\Database\Eloquent\Model::__callStatic('create', Array)
#17 [internal function]: PermissionSeed->run()
#18 /var/www/html/newLms/QuickLMS/vendor/laravel/framework/src/Illuminate/Container/BoundMethod.php(29): call_user_func_array(Array, Array)
#19 /var/www/html/newLms/QuickLMS/vendor/laravel/framework/src/Illuminate/Container/BoundMethod.php(87): Illuminate\Container\BoundMethod::Illuminate\Container\{closure}()
#20 /var/www/html/newLms/QuickLMS/vendor/laravel/framework/src/Illuminate/Container/BoundMethod.php(31): Illuminate\Container\BoundMethod::callBoundMethod(Object(Illuminate\Foundation\Application), Array, Object(Closure))
#21 /var/www/html/newLms/QuickLMS/vendor/laravel/framework/src/Illuminate/Container/Container.php(539): Illuminate\Container\BoundMethod::call(Object(Illuminate\Foundation\Application), Array, Array, NULL)
#22 /var/www/html/newLms/QuickLMS/vendor/laravel/framework/src/Illuminate/Database/Seeder.php(114): Illuminate\Container\Container->call(Array)
#23 /var/www/html/newLms/QuickLMS/vendor/laravel/framework/src/Illuminate/Database/Seeder.php(37): Illuminate\Database\Seeder->__invoke()
#24 /var/www/html/newLms/QuickLMS/database/seeds/DatabaseSeeder.php(15): Illuminate\Database\Seeder->call('PermissionSeed')
#25 [internal function]: DatabaseSeeder->run()
#26 /var/www/html/newLms/QuickLMS/vendor/laravel/framework/src/Illuminate/Container/BoundMethod.php(29): call_user_func_array(Array, Array)
#27 /var/www/html/newLms/QuickLMS/vendor/laravel/framework/src/Illuminate/Container/BoundMethod.php(87): Illuminate\Container\BoundMethod::Illuminate\Container\{closure}()
#28 /var/www/html/newLms/QuickLMS/vendor/laravel/framework/src/Illuminate/Container/BoundMethod.php(31): Illuminate\Container\BoundMethod::callBoundMethod(Object(Illuminate\Foundation\Application), Array, Object(Closure))
#29 /var/www/html/newLms/QuickLMS/vendor/laravel/framework/src/Illuminate/Container/Container.php(539): Illuminate\Container\BoundMethod::call(Object(Illuminate\Foundation\Application), Array, Array, NULL)
#30 /var/www/html/newLms/QuickLMS/vendor/laravel/framework/src/Illuminate/Database/Seeder.php(114): Illuminate\Container\Container->call(Array)
#31 /var/www/html/newLms/QuickLMS/vendor/laravel/framework/src/Illuminate/Database/Console/Seeds/SeedCommand.php(63): Illuminate\Database\Seeder->__invoke()
#32 /var/www/html/newLms/QuickLMS/vendor/laravel/framework/src/Illuminate/Database/Eloquent/Concerns/GuardsAttributes.php(122): Illuminate\Database\Console\Seeds\SeedCommand->Illuminate\Database\Console\Seeds\{closure}()
#33 /var/www/html/newLms/QuickLMS/vendor/laravel/framework/src/Illuminate/Database/Console/Seeds/SeedCommand.php(64): Illuminate\Database\Eloquent\Model::unguarded(Object(Closure))
#34 [internal function]: Illuminate\Database\Console\Seeds\SeedCommand->fire()
#35 /var/www/html/newLms/QuickLMS/vendor/laravel/framework/src/Illuminate/Container/BoundMethod.php(29): call_user_func_array(Array, Array)
#36 /var/www/html/newLms/QuickLMS/vendor/laravel/framework/src/Illuminate/Container/BoundMethod.php(87): Illuminate\Container\BoundMethod::Illuminate\Container\{closure}()
#37 /var/www/html/newLms/QuickLMS/vendor/laravel/framework/src/Illuminate/Container/BoundMethod.php(31): Illuminate\Container\BoundMethod::callBoundMethod(Object(Illuminate\Foundation\Application), Array, Object(Closure))
#38 /var/www/html/newLms/QuickLMS/vendor/laravel/framework/src/Illuminate/Container/Container.php(539): Illuminate\Container\BoundMethod::call(Object(Illuminate\Foundation\Application), Array, Array, NULL)
#39 /var/www/html/newLms/QuickLMS/vendor/laravel/framework/src/Illuminate/Console/Command.php(182): Illuminate\Container\Container->call(Array)
#40 /var/www/html/newLms/QuickLMS/vendor/symfony/console/Command/Command.php(264): Illuminate\Console\Command->execute(Object(Symfony\Component\Console\Input\ArgvInput), Object(Illuminate\Console\OutputStyle))
#41 /var/www/html/newLms/QuickLMS/vendor/laravel/framework/src/Illuminate/Console/Command.php(167): Symfony\Component\Console\Command\Command->run(Object(Symfony\Component\Console\Input\ArgvInput), Object(Illuminate\Console\OutputStyle))
#42 /var/www/html/newLms/QuickLMS/vendor/symfony/console/Application.php(874): Illuminate\Console\Command->run(Object(Symfony\Component\Console\Input\ArgvInput), Object(Symfony\Component\Console\Output\ConsoleOutput))
#43 /var/www/html/newLms/QuickLMS/vendor/symfony/console/Application.php(228): Symfony\Component\Console\Application->doRunCommand(Object(Illuminate\Database\Console\Seeds\SeedCommand), Object(Symfony\Component\Console\Input\ArgvInput), Object(Symfony\Component\Console\Output\ConsoleOutput))
#44 /var/www/html/newLms/QuickLMS/vendor/symfony/console/Application.php(130): Symfony\Component\Console\Application->doRun(Object(Symfony\Component\Console\Input\ArgvInput), Object(Symfony\Component\Console\Output\ConsoleOutput))
#45 /var/www/html/newLms/QuickLMS/vendor/laravel/framework/src/Illuminate/Foundation/Console/Kernel.php(122): Symfony\Component\Console\Application->run(Object(Symfony\Component\Console\Input\ArgvInput), Object(Symfony\Component\Console\Output\ConsoleOutput))
#46 /var/www/html/newLms/QuickLMS/artisan(35): Illuminate\Foundation\Console\Kernel->handle(Object(Symfony\Component\Console\Input\ArgvInput), Object(Symfony\Component\Console\Output\ConsoleOutput))
#47 {main}

Next Illuminate\Database\QueryException: SQLSTATE[42S02]: Base table or view not found: 1146 Table 'newLms.permissions' doesn't exist (SQL: insert into `permissions` (`id`, `title`, `updated_at`, `created_at`) values (1, user_management_access, 2018-11-11 10:27:58, 2018-11-11 10:27:58)) in /var/www/html/newLms/QuickLMS/vendor/laravel/framework/src/Illuminate/Database/Connection.php:647
Stack trace:
#0 /var/www/html/newLms/QuickLMS/vendor/laravel/framework/src/Illuminate/Database/Connection.php(607): Illuminate\Database\Connection->runQueryCallback('insert into `pe...', Array, Object(Closure))
#1 /var/www/html/newLms/QuickLMS/vendor/laravel/framework/src/Illuminate/Database/Connection.php(450): Illuminate\Database\Connection->run('insert into `pe...', Array, Object(Closure))
#2 /var/www/html/newLms/QuickLMS/vendor/laravel/framework/src/Illuminate/Database/Connection.php(404): Illuminate\Database\Connection->statement('insert into `pe...', Array)
#3 /var/www/html/newLms/QuickLMS/vendor/laravel/framework/src/Illuminate/Database/Query/Processors/Processor.php(32): Illuminate\Database\Connection->insert('insert into `pe...', Array)
#4 /var/www/html/newLms/QuickLMS/vendor/laravel/framework/src/Illuminate/Database/Query/Builder.php(2139): Illuminate\Database\Query\Processors\Processor->processInsertGetId(Object(Illuminate\Database\Query\Builder), 'insert into `pe...', Array, 'id')
#5 /var/www/html/newLms/QuickLMS/vendor/laravel/framework/src/Illuminate/Database/Eloquent/Builder.php(1251): Illuminate\Database\Query\Builder->insertGetId(Array, 'id')
#6 /var/www/html/newLms/QuickLMS/vendor/laravel/framework/src/Illuminate/Database/Eloquent/Model.php(688): Illuminate\Database\Eloquent\Builder->__call('insertGetId', Array)
#7 /var/www/html/newLms/QuickLMS/vendor/laravel/framework/src/Illuminate/Database/Eloquent/Model.php(653): Illuminate\Database\Eloquent\Model->insertAndSetId(Object(Illuminate\Database\Eloquent\Builder), Array)
#8 /var/www/html/newLms/QuickLMS/vendor/laravel/framework/src/Illuminate/Database/Eloquent/Model.php(522): Illuminate\Database\Eloquent\Model->performInsert(Object(Illuminate\Database\Eloquent\Builder))
#9 /var/www/html/newLms/QuickLMS/vendor/laravel/framework/src/Illuminate/Database/Eloquent/Builder.php(734): Illuminate\Database\Eloquent\Model->save()
#10 /var/www/html/newLms/QuickLMS/vendor/laravel/framework/src/Illuminate/Support/helpers.php(950): Illuminate\Database\Eloquent\Builder->Illuminate\Database\Eloquent\{closure}(Object(App\Permission))
#11 /var/www/html/newLms/QuickLMS/vendor/laravel/framework/src/Illuminate/Database/Eloquent/Builder.php(735): tap(Object(App\Permission), Object(Closure))
#12 /var/www/html/newLms/QuickLMS/vendor/laravel/framework/src/Illuminate/Database/Eloquent/Model.php(1372): Illuminate\Database\Eloquent\Builder->create(Array)
#13 /var/www/html/newLms/QuickLMS/vendor/laravel/framework/src/Illuminate/Database/Eloquent/Model.php(1384): Illuminate\Database\Eloquent\Model->__call('create', Array)
#14 /var/www/html/newLms/QuickLMS/database/seeds/PermissionSeed.php(65): Illuminate\Database\Eloquent\Model::__callStatic('create', Array)
#15 [internal function]: PermissionSeed->run()
#16 /var/www/html/newLms/QuickLMS/vendor/laravel/framework/src/Illuminate/Container/BoundMethod.php(29): call_user_func_array(Array, Array)
#17 /var/www/html/newLms/QuickLMS/vendor/laravel/framework/src/Illuminate/Container/BoundMethod.php(87): Illuminate\Container\BoundMethod::Illuminate\Container\{closure}()
#18 /var/www/html/newLms/QuickLMS/vendor/laravel/framework/src/Illuminate/Container/BoundMethod.php(31): Illuminate\Container\BoundMethod::callBoundMethod(Object(Illuminate\Foundation\Application), Array, Object(Closure))
#19 /var/www/html/newLms/QuickLMS/vendor/laravel/framework/src/Illuminate/Container/Container.php(539): Illuminate\Container\BoundMethod::call(Object(Illuminate\Foundation\Application), Array, Array, NULL)
#20 /var/www/html/newLms/QuickLMS/vendor/laravel/framework/src/Illuminate/Database/Seeder.php(114): Illuminate\Container\Container->call(Array)
#21 /var/www/html/newLms/QuickLMS/vendor/laravel/framework/src/Illuminate/Database/Seeder.php(37): Illuminate\Database\Seeder->__invoke()
#22 /var/www/html/newLms/QuickLMS/database/seeds/DatabaseSeeder.php(15): Illuminate\Database\Seeder->call('PermissionSeed')
#23 [internal function]: DatabaseSeeder->run()
#24 /var/www/html/newLms/QuickLMS/vendor/laravel/framework/src/Illuminate/Container/BoundMethod.php(29): call_user_func_array(Array, Array)
#25 /var/www/html/newLms/QuickLMS/vendor/laravel/framework/src/Illuminate/Container/BoundMethod.php(87): Illuminate\Container\BoundMethod::Illuminate\Container\{closure}()
#26 /var/www/html/newLms/QuickLMS/vendor/laravel/framework/src/Illuminate/Container/BoundMethod.php(31): Illuminate\Container\BoundMethod::callBoundMethod(Object(Illuminate\Foundation\Application), Array, Object(Closure))
#27 /var/www/html/newLms/QuickLMS/vendor/laravel/framework/src/Illuminate/Container/Container.php(539): Illuminate\Container\BoundMethod::call(Object(Illuminate\Foundation\Application), Array, Array, NULL)
#28 /var/www/html/newLms/QuickLMS/vendor/laravel/framework/src/Illuminate/Database/Seeder.php(114): Illuminate\Container\Container->call(Array)
#29 /var/www/html/newLms/QuickLMS/vendor/laravel/framework/src/Illuminate/Database/Console/Seeds/SeedCommand.php(63): Illuminate\Database\Seeder->__invoke()
#30 /var/www/html/newLms/QuickLMS/vendor/laravel/framework/src/Illuminate/Database/Eloquent/Concerns/GuardsAttributes.php(122): Illuminate\Database\Console\Seeds\SeedCommand->Illuminate\Database\Console\Seeds\{closure}()
#31 /var/www/html/newLms/QuickLMS/vendor/laravel/framework/src/Illuminate/Database/Console/Seeds/SeedCommand.php(64): Illuminate\Database\Eloquent\Model::unguarded(Object(Closure))
#32 [internal function]: Illuminate\Database\Console\Seeds\SeedCommand->fire()
#33 /var/www/html/newLms/QuickLMS/vendor/laravel/framework/src/Illuminate/Container/BoundMethod.php(29): call_user_func_array(Array, Array)
#34 /var/www/html/newLms/QuickLMS/vendor/laravel/framework/src/Illuminate/Container/BoundMethod.php(87): Illuminate\Container\BoundMethod::Illuminate\Container\{closure}()
#35 /var/www/html/newLms/QuickLMS/vendor/laravel/framework/src/Illuminate/Container/BoundMethod.php(31): Illuminate\Container\BoundMethod::callBoundMethod(Object(Illuminate\Foundation\Application), Array, Object(Closure))
#36 /var/www/html/newLms/QuickLMS/vendor/laravel/framework/src/Illuminate/Container/Container.php(539): Illuminate\Container\BoundMethod::call(Object(Illuminate\Foundation\Application), Array, Array, NULL)
#37 /var/www/html/newLms/QuickLMS/vendor/laravel/framework/src/Illuminate/Console/Command.php(182): Illuminate\Container\Container->call(Array)
#38 /var/www/html/newLms/QuickLMS/vendor/symfony/console/Command/Command.php(264): Illuminate\Console\Command->execute(Object(Symfony\Component\Console\Input\ArgvInput), Object(Illuminate\Console\OutputStyle))
#39 /var/www/html/newLms/QuickLMS/vendor/laravel/framework/src/Illuminate/Console/Command.php(167): Symfony\Component\Console\Command\Command->run(Object(Symfony\Component\Console\Input\ArgvInput), Object(Illuminate\Console\OutputStyle))
#40 /var/www/html/newLms/QuickLMS/vendor/symfony/console/Application.php(874): Illuminate\Console\Command->run(Object(Symfony\Component\Console\Input\ArgvInput), Object(Symfony\Component\Console\Output\ConsoleOutput))
#41 /var/www/html/newLms/QuickLMS/vendor/symfony/console/Application.php(228): Symfony\Component\Console\Application->doRunCommand(Object(Illuminate\Database\Console\Seeds\SeedCommand), Object(Symfony\Component\Console\Input\ArgvInput), Object(Symfony\Component\Console\Output\ConsoleOutput))
#42 /var/www/html/newLms/QuickLMS/vendor/symfony/console/Application.php(130): Symfony\Component\Console\Application->doRun(Object(Symfony\Component\Console\Input\ArgvInput), Object(Symfony\Component\Console\Output\ConsoleOutput))
#43 /var/www/html/newLms/QuickLMS/vendor/laravel/framework/src/Illuminate/Foundation/Console/Kernel.php(122): Symfony\Component\Console\Application->run(Object(Symfony\Component\Console\Input\ArgvInput), Object(Symfony\Component\Console\Output\ConsoleOutput))
#44 /var/www/html/newLms/QuickLMS/artisan(35): Illuminate\Foundation\Console\Kernel->handle(Object(Symfony\Component\Console\Input\ArgvInput), Object(Symfony\Component\Console\Output\ConsoleOutput))
#45 {main}  
[2018-11-11 10:33:59] local.ERROR: RuntimeException: The only supported ciphers are AES-128-CBC and AES-256-CBC with the correct key lengths. in /var/www/html/newLms/QuickLMS/vendor/laravel/framework/src/Illuminate/Encryption/Encrypter.php:43
Stack trace:
#0 /var/www/html/newLms/QuickLMS/vendor/laravel/framework/src/Illuminate/Encryption/EncryptionServiceProvider.php(27): Illuminate\Encryption\Encrypter->__construct('', 'AES-256-CBC')
#1 /var/www/html/newLms/QuickLMS/vendor/laravel/framework/src/Illuminate/Container/Container.php(726): Illuminate\Encryption\EncryptionServiceProvider->Illuminate\Encryption\{closure}(Object(Illuminate\Foundation\Application), Array)
#2 /var/www/html/newLms/QuickLMS/vendor/laravel/framework/src/Illuminate/Container/Container.php(608): Illuminate\Container\Container->build(Object(Closure))
#3 /var/www/html/newLms/QuickLMS/vendor/laravel/framework/src/Illuminate/Container/Container.php(575): Illuminate\Container\Container->resolve('encrypter')
#4 /var/www/html/newLms/QuickLMS/vendor/laravel/framework/src/Illuminate/Foundation/Application.php(728): Illuminate\Container\Container->make('encrypter')
#5 /var/www/html/newLms/QuickLMS/vendor/laravel/framework/src/Illuminate/Container/Container.php(862): Illuminate\Foundation\Application->make('encrypter')
#6 /var/www/html/newLms/QuickLMS/vendor/laravel/framework/src/Illuminate/Container/Container.php(790): Illuminate\Container\Container->resolveClass(Object(ReflectionParameter))
#7 /var/www/html/newLms/QuickLMS/vendor/laravel/framework/src/Illuminate/Container/Container.php(757): Illuminate\Container\Container->resolveDependencies(Array)
#8 /var/www/html/newLms/QuickLMS/vendor/laravel/framework/src/Illuminate/Container/Container.php(608): Illuminate\Container\Container->build('App\\Http\\Middle...')
#9 /var/www/html/newLms/QuickLMS/vendor/laravel/framework/src/Illuminate/Container/Container.php(575): Illuminate\Container\Container->resolve('App\\Http\\Middle...')
#10 /var/www/html/newLms/QuickLMS/vendor/laravel/framework/src/Illuminate/Foundation/Application.php(728): Illuminate\Container\Container->make('App\\Http\\Middle...')
#11 /var/www/html/newLms/QuickLMS/vendor/laravel/framework/src/Illuminate/Pipeline/Pipeline.php(138): Illuminate\Foundation\Application->make('App\\Http\\Middle...')
#12 /var/www/html/newLms/QuickLMS/vendor/laravel/framework/src/Illuminate/Routing/Pipeline.php(53): Illuminate\Pipeline\Pipeline->Illuminate\Pipeline\{closure}(Object(Illuminate\Http\Request))
#13 /var/www/html/newLms/QuickLMS/vendor/laravel/framework/src/Illuminate/Pipeline/Pipeline.php(102): Illuminate\Routing\Pipeline->Illuminate\Routing\{closure}(Object(Illuminate\Http\Request))
#14 /var/www/html/newLms/QuickLMS/vendor/laravel/framework/src/Illuminate/Routing/Router.php(576): Illuminate\Pipeline\Pipeline->then(Object(Closure))
#15 /var/www/html/newLms/QuickLMS/vendor/laravel/framework/src/Illuminate/Routing/Router.php(535): Illuminate\Routing\Router->runRouteWithinStack(Object(Illuminate\Routing\Route), Object(Illuminate\Http\Request))
#16 /var/www/html/newLms/QuickLMS/vendor/laravel/framework/src/Illuminate/Routing/Router.php(513): Illuminate\Routing\Router->dispatchToRoute(Object(Illuminate\Http\Request))
#17 /var/www/html/newLms/QuickLMS/vendor/laravel/framework/src/Illuminate/Foundation/Http/Kernel.php(176): Illuminate\Routing\Router->dispatch(Object(Illuminate\Http\Request))
#18 /var/www/html/newLms/QuickLMS/vendor/laravel/framework/src/Illuminate/Routing/Pipeline.php(30): Illuminate\Foundation\Http\Kernel->Illuminate\Foundation\Http\{closure}(Object(Illuminate\Http\Request))
#19 /var/www/html/newLms/QuickLMS/vendor/laravel/framework/src/Illuminate/Foundation/Http/Middleware/TransformsRequest.php(30): Illuminate\Routing\Pipeline->Illuminate\Routing\{closure}(Object(Illuminate\Http\Request))
#20 /var/www/html/newLms/QuickLMS/vendor/laravel/framework/src/Illuminate/Pipeline/Pipeline.php(148): Illuminate\Foundation\Http\Middleware\TransformsRequest->handle(Object(Illuminate\Http\Request), Object(Closure))
#21 /var/www/html/newLms/QuickLMS/vendor/laravel/framework/src/Illuminate/Routing/Pipeline.php(53): Illuminate\Pipeline\Pipeline->Illuminate\Pipeline\{closure}(Object(Illuminate\Http\Request))
#22 /var/www/html/newLms/QuickLMS/vendor/laravel/framework/src/Illuminate/Foundation/Http/Middleware/TransformsRequest.php(30): Illuminate\Routing\Pipeline->Illuminate\Routing\{closure}(Object(Illuminate\Http\Request))
#23 /var/www/html/newLms/QuickLMS/vendor/laravel/framework/src/Illuminate/Pipeline/Pipeline.php(148): Illuminate\Foundation\Http\Middleware\TransformsRequest->handle(Object(Illuminate\Http\Request), Object(Closure))
#24 /var/www/html/newLms/QuickLMS/vendor/laravel/framework/src/Illuminate/Routing/Pipeline.php(53): Illuminate\Pipeline\Pipeline->Illuminate\Pipeline\{closure}(Object(Illuminate\Http\Request))
#25 /var/www/html/newLms/QuickLMS/vendor/laravel/framework/src/Illuminate/Foundation/Http/Middleware/ValidatePostSize.php(27): Illuminate\Routing\Pipeline->Illuminate\Routing\{closure}(Object(Illuminate\Http\Request))
#26 /var/www/html/newLms/QuickLMS/vendor/laravel/framework/src/Illuminate/Pipeline/Pipeline.php(148): Illuminate\Foundation\Http\Middleware\ValidatePostSize->handle(Object(Illuminate\Http\Request), Object(Closure))
#27 /var/www/html/newLms/QuickLMS/vendor/laravel/framework/src/Illuminate/Routing/Pipeline.php(53): Illuminate\Pipeline\Pipeline->Illuminate\Pipeline\{closure}(Object(Illuminate\Http\Request))
#28 /var/www/html/newLms/QuickLMS/vendor/laravel/framework/src/Illuminate/Foundation/Http/Middleware/CheckForMaintenanceMode.php(46): Illuminate\Routing\Pipeline->Illuminate\Routing\{closure}(Object(Illuminate\Http\Request))
#29 /var/www/html/newLms/QuickLMS/vendor/laravel/framework/src/Illuminate/Pipeline/Pipeline.php(148): Illuminate\Foundation\Http\Middleware\CheckForMaintenanceMode->handle(Object(Illuminate\Http\Request), Object(Closure))
#30 /var/www/html/newLms/QuickLMS/vendor/laravel/framework/src/Illuminate/Routing/Pipeline.php(53): Illuminate\Pipeline\Pipeline->Illuminate\Pipeline\{closure}(Object(Illuminate\Http\Request))
#31 /var/www/html/newLms/QuickLMS/vendor/laravel/framework/src/Illuminate/Pipeline/Pipeline.php(102): Illuminate\Routing\Pipeline->Illuminate\Routing\{closure}(Object(Illuminate\Http\Request))
#32 /var/www/html/newLms/QuickLMS/vendor/laravel/framework/src/Illuminate/Foundation/Http/Kernel.php(151): Illuminate\Pipeline\Pipeline->then(Object(Closure))
#33 /var/www/html/newLms/QuickLMS/vendor/laravel/framework/src/Illuminate/Foundation/Http/Kernel.php(116): Illuminate\Foundation\Http\Kernel->sendRequestThroughRouter(Object(Illuminate\Http\Request))
#34 /var/www/html/newLms/QuickLMS/public/index.php(53): Illuminate\Foundation\Http\Kernel->handle(Object(Illuminate\Http\Request))
#35 /var/www/html/newLms/QuickLMS/server.php(21): require_once('/var/www/html/n...')
#36 {main}  
[2018-11-11 10:33:59] local.ERROR: RuntimeException: The only supported ciphers are AES-128-CBC and AES-256-CBC with the correct key lengths. in /var/www/html/newLms/QuickLMS/vendor/laravel/framework/src/Illuminate/Encryption/Encrypter.php:43
Stack trace:
#0 /var/www/html/newLms/QuickLMS/vendor/laravel/framework/src/Illuminate/Encryption/EncryptionServiceProvider.php(27): Illuminate\Encryption\Encrypter->__construct('', 'AES-256-CBC')
#1 /var/www/html/newLms/QuickLMS/vendor/laravel/framework/src/Illuminate/Container/Container.php(726): Illuminate\Encryption\EncryptionServiceProvider->Illuminate\Encryption\{closure}(Object(Illuminate\Foundation\Application), Array)
#2 /var/www/html/newLms/QuickLMS/vendor/laravel/framework/src/Illuminate/Container/Container.php(608): Illuminate\Container\Container->build(Object(Closure))
#3 /var/www/html/newLms/QuickLMS/vendor/laravel/framework/src/Illuminate/Container/Container.php(575): Illuminate\Container\Container->resolve('encrypter')
#4 /var/www/html/newLms/QuickLMS/vendor/laravel/framework/src/Illuminate/Foundation/Application.php(728): Illuminate\Container\Container->make('encrypter')
#5 /var/www/html/newLms/QuickLMS/vendor/laravel/framework/src/Illuminate/Container/Container.php(862): Illuminate\Foundation\Application->make('encrypter')
#6 /var/www/html/newLms/QuickLMS/vendor/laravel/framework/src/Illuminate/Container/Container.php(790): Illuminate\Container\Container->resolveClass(Object(ReflectionParameter))
#7 /var/www/html/newLms/QuickLMS/vendor/laravel/framework/src/Illuminate/Container/Container.php(757): Illuminate\Container\Container->resolveDependencies(Array)
#8 /var/www/html/newLms/QuickLMS/vendor/laravel/framework/src/Illuminate/Container/Container.php(608): Illuminate\Container\Container->build('App\\Http\\Middle...')
#9 /var/www/html/newLms/QuickLMS/vendor/laravel/framework/src/Illuminate/Container/Container.php(575): Illuminate\Container\Container->resolve('App\\Http\\Middle...')
#10 /var/www/html/newLms/QuickLMS/vendor/laravel/framework/src/Illuminate/Foundation/Application.php(728): Illuminate\Container\Container->make('App\\Http\\Middle...')
#11 /var/www/html/newLms/QuickLMS/vendor/laravel/framework/src/Illuminate/Foundation/Http/Kernel.php(215): Illuminate\Foundation\Application->make('App\\Http\\Middle...')
#12 /var/www/html/newLms/QuickLMS/vendor/laravel/framework/src/Illuminate/Foundation/Http/Kernel.php(189): Illuminate\Foundation\Http\Kernel->terminateMiddleware(Object(Illuminate\Http\Request), Object(Illuminate\Http\Response))
#13 /var/www/html/newLms/QuickLMS/public/index.php(58): Illuminate\Foundation\Http\Kernel->terminate(Object(Illuminate\Http\Request), Object(Illuminate\Http\Response))
#14 /var/www/html/newLms/QuickLMS/server.php(21): require_once('/var/www/html/n...')
#15 {main}  
[2018-11-11 10:34:31] local.ERROR: Symfony\Component\Console\Exception\CommandNotFoundException: There are no commands defined in the "generate" namespace. in /var/www/html/newLms/QuickLMS/vendor/symfony/console/Application.php:538
Stack trace:
#0 /var/www/html/newLms/QuickLMS/vendor/symfony/console/Application.php(570): Symfony\Component\Console\Application->findNamespace('generate')
#1 /var/www/html/newLms/QuickLMS/vendor/symfony/console/Application.php(209): Symfony\Component\Console\Application->find('generate:key')
#2 /var/www/html/newLms/QuickLMS/vendor/symfony/console/Application.php(130): Symfony\Component\Console\Application->doRun(Object(Symfony\Component\Console\Input\ArgvInput), Object(Symfony\Component\Console\Output\ConsoleOutput))
#3 /var/www/html/newLms/QuickLMS/vendor/laravel/framework/src/Illuminate/Foundation/Console/Kernel.php(122): Symfony\Component\Console\Application->run(Object(Symfony\Component\Console\Input\ArgvInput), Object(Symfony\Component\Console\Output\ConsoleOutput))
#4 /var/www/html/newLms/QuickLMS/artisan(35): Illuminate\Foundation\Console\Kernel->handle(Object(Symfony\Component\Console\Input\ArgvInput), Object(Symfony\Component\Console\Output\ConsoleOutput))
#5 {main}  
